2018-07-11 10:35:51,096 INFO 2811 [egg:logger] init all loggers with options: {"dir":"/Users/hjh/Library/Mobile Documents/com~apple~CloudDocs/B.B Studio/egg-api-server/logs/egg-api-server","encoding":"utf8","env":"local","level":"INFO","consoleLevel":"INFO","disableConsoleAfterReady":false,"outputJSON":false,"buffer":true,"appLogName":"egg-api-server-web.log","coreLogName":"egg-web.log","agentLogName":"egg-agent.log","errorLogName":"common-error.log","coreLogger":{"consoleLevel":"WARN"},"allowDebugAtProd":false,"type":"application"}
2018-07-11 10:35:51,136 INFO 2811 [egg-schedule]: register schedule /Users/hjh/Library/Mobile Documents/com~apple~CloudDocs/B.B Studio/egg-api-server/node_modules/egg-logrotator/app/schedule/clean_log.js
2018-07-11 10:35:51,136 INFO 2811 [egg-schedule]: register schedule /Users/hjh/Library/Mobile Documents/com~apple~CloudDocs/B.B Studio/egg-api-server/node_modules/egg-logrotator/app/schedule/rotate_by_file.js
2018-07-11 10:35:51,146 INFO 2811 [egg-mysql] connecting hsia@35.236.159.211:3306/sample
2018-07-11 10:35:51,246 INFO 2811 [egg-static] starting static serve /public/ -> /Users/hjh/Library/Mobile Documents/com~apple~CloudDocs/B.B Studio/egg-api-server/app/public
2018-07-11 10:35:51,249 INFO 2811 [egg-security] use csrf middleware
2018-07-11 10:35:51,249 INFO 2811 [egg-security] use methodnoallow middleware
2018-07-11 10:35:51,250 INFO 2811 [egg-security] use noopen middleware
2018-07-11 10:35:51,250 INFO 2811 [egg-security] use nosniff middleware
2018-07-11 10:35:51,250 INFO 2811 [egg-security] use xssProtection middleware
2018-07-11 10:35:51,250 INFO 2811 [egg-security] use xframe middleware
2018-07-11 10:35:51,251 INFO 2811 [egg-security] use dta middleware
2018-07-11 10:35:51,251 INFO 2811 [egg-security] compose 7 middlewares into one security middleware
2018-07-11 10:35:51,262 INFO 2811 [egg:core] dump config after load, 7ms
2018-07-11 10:35:51,284 INFO 2811 [egg-watcher:app] watcher start success
2018-07-11 10:35:51,483 INFO 2811 [egg-mysql] instance[0] status OK, rds currentTime: Wed Jul 11 2018 02:35:51 GMT+0800 (CST)
2018-07-11 10:35:51,488 INFO 2811 [egg:core] dump config after ready, 3ms
2018-07-11 10:36:25,666 INFO 2847 [egg:logger] init all loggers with options: {"dir":"/Users/hjh/Library/Mobile Documents/com~apple~CloudDocs/B.B Studio/egg-api-server/logs/egg-api-server","encoding":"utf8","env":"local","level":"INFO","consoleLevel":"INFO","disableConsoleAfterReady":false,"outputJSON":false,"buffer":true,"appLogName":"egg-api-server-web.log","coreLogName":"egg-web.log","agentLogName":"egg-agent.log","errorLogName":"common-error.log","coreLogger":{"consoleLevel":"WARN"},"allowDebugAtProd":false,"type":"application"}
2018-07-11 10:36:25,707 INFO 2847 [egg-schedule]: register schedule /Users/hjh/Library/Mobile Documents/com~apple~CloudDocs/B.B Studio/egg-api-server/node_modules/egg-logrotator/app/schedule/clean_log.js
2018-07-11 10:36:25,707 INFO 2847 [egg-schedule]: register schedule /Users/hjh/Library/Mobile Documents/com~apple~CloudDocs/B.B Studio/egg-api-server/node_modules/egg-logrotator/app/schedule/rotate_by_file.js
2018-07-11 10:36:25,716 INFO 2847 [egg-mysql] connecting hsia@35.236.159.211:3306/sample
2018-07-11 10:36:25,819 INFO 2847 [egg-static] starting static serve /public/ -> /Users/hjh/Library/Mobile Documents/com~apple~CloudDocs/B.B Studio/egg-api-server/app/public
2018-07-11 10:36:25,821 INFO 2847 [egg-security] use csrf middleware
2018-07-11 10:36:25,822 INFO 2847 [egg-security] use methodnoallow middleware
2018-07-11 10:36:25,822 INFO 2847 [egg-security] use noopen middleware
2018-07-11 10:36:25,823 INFO 2847 [egg-security] use nosniff middleware
2018-07-11 10:36:25,823 INFO 2847 [egg-security] use xssProtection middleware
2018-07-11 10:36:25,823 INFO 2847 [egg-security] use xframe middleware
2018-07-11 10:36:25,824 INFO 2847 [egg-security] use dta middleware
2018-07-11 10:36:25,824 INFO 2847 [egg-security] compose 7 middlewares into one security middleware
2018-07-11 10:36:25,835 INFO 2847 [egg:core] dump config after load, 6ms
2018-07-11 10:36:25,851 INFO 2847 [egg-watcher:app] watcher start success
2018-07-11 10:36:26,024 INFO 2847 [egg-mysql] instance[0] status OK, rds currentTime: Wed Jul 11 2018 02:36:25 GMT+0800 (CST)
2018-07-11 10:36:26,032 INFO 2847 [egg:core] dump config after ready, 5ms
2018-07-11 10:36:37,693 INFO 2866 [egg:logger] init all loggers with options: {"dir":"/Users/hjh/Library/Mobile Documents/com~apple~CloudDocs/B.B Studio/egg-api-server/logs/egg-api-server","encoding":"utf8","env":"local","level":"INFO","consoleLevel":"INFO","disableConsoleAfterReady":false,"outputJSON":false,"buffer":true,"appLogName":"egg-api-server-web.log","coreLogName":"egg-web.log","agentLogName":"egg-agent.log","errorLogName":"common-error.log","coreLogger":{"consoleLevel":"WARN"},"allowDebugAtProd":false,"type":"application"}
2018-07-11 10:36:37,740 INFO 2866 [egg-schedule]: register schedule /Users/hjh/Library/Mobile Documents/com~apple~CloudDocs/B.B Studio/egg-api-server/node_modules/egg-logrotator/app/schedule/clean_log.js
2018-07-11 10:36:37,740 INFO 2866 [egg-schedule]: register schedule /Users/hjh/Library/Mobile Documents/com~apple~CloudDocs/B.B Studio/egg-api-server/node_modules/egg-logrotator/app/schedule/rotate_by_file.js
2018-07-11 10:36:37,752 INFO 2866 [egg-mysql] connecting hsia@35.236.159.211:3306/sample
2018-07-11 10:36:37,844 INFO 2866 [egg-static] starting static serve /public/ -> /Users/hjh/Library/Mobile Documents/com~apple~CloudDocs/B.B Studio/egg-api-server/app/public
2018-07-11 10:36:37,847 INFO 2866 [egg-security] use csrf middleware
2018-07-11 10:36:37,848 INFO 2866 [egg-security] use methodnoallow middleware
2018-07-11 10:36:37,848 INFO 2866 [egg-security] use noopen middleware
2018-07-11 10:36:37,848 INFO 2866 [egg-security] use nosniff middleware
2018-07-11 10:36:37,849 INFO 2866 [egg-security] use xssProtection middleware
2018-07-11 10:36:37,849 INFO 2866 [egg-security] use xframe middleware
2018-07-11 10:36:37,849 INFO 2866 [egg-security] use dta middleware
2018-07-11 10:36:37,849 INFO 2866 [egg-security] compose 7 middlewares into one security middleware
2018-07-11 10:36:37,862 INFO 2866 [egg:core] dump config after load, 8ms
2018-07-11 10:36:37,878 INFO 2866 [egg-watcher:app] watcher start success
2018-07-11 10:36:38,091 INFO 2866 [egg-mysql] instance[0] status OK, rds currentTime: Wed Jul 11 2018 02:36:38 GMT+0800 (CST)
2018-07-11 10:36:38,096 INFO 2866 [egg:core] dump config after ready, 3ms
2018-07-11 10:46:35,827 INFO 3184 [egg:logger] init all loggers with options: {"dir":"/Users/hjh/Library/Mobile Documents/com~apple~CloudDocs/B.B Studio/egg-api-server/logs/egg-api-server","encoding":"utf8","env":"local","level":"INFO","consoleLevel":"INFO","disableConsoleAfterReady":false,"outputJSON":false,"buffer":true,"appLogName":"egg-api-server-web.log","coreLogName":"egg-web.log","agentLogName":"egg-agent.log","errorLogName":"common-error.log","coreLogger":{"consoleLevel":"WARN"},"allowDebugAtProd":false,"type":"application"}
2018-07-11 10:46:35,880 INFO 3184 [egg-schedule]: register schedule /Users/hjh/Library/Mobile Documents/com~apple~CloudDocs/B.B Studio/egg-api-server/node_modules/egg-logrotator/app/schedule/clean_log.js
2018-07-11 10:46:35,880 INFO 3184 [egg-schedule]: register schedule /Users/hjh/Library/Mobile Documents/com~apple~CloudDocs/B.B Studio/egg-api-server/node_modules/egg-logrotator/app/schedule/rotate_by_file.js
2018-07-11 10:46:35,900 INFO 3184 [egg-mysql] connecting hsia@35.236.159.211:3306/sample
2018-07-11 10:46:36,025 INFO 3184 [egg-static] starting static serve /public/ -> /Users/hjh/Library/Mobile Documents/com~apple~CloudDocs/B.B Studio/egg-api-server/app/public
2018-07-11 10:46:36,028 INFO 3184 [egg-security] use csrf middleware
2018-07-11 10:46:36,028 INFO 3184 [egg-security] use methodnoallow middleware
2018-07-11 10:46:36,029 INFO 3184 [egg-security] use noopen middleware
2018-07-11 10:46:36,029 INFO 3184 [egg-security] use nosniff middleware
2018-07-11 10:46:36,030 INFO 3184 [egg-security] use xssProtection middleware
2018-07-11 10:46:36,030 INFO 3184 [egg-security] use xframe middleware
2018-07-11 10:46:36,031 INFO 3184 [egg-security] use dta middleware
2018-07-11 10:46:36,031 INFO 3184 [egg-security] compose 7 middlewares into one security middleware
2018-07-11 10:46:36,046 INFO 3184 [egg:core] dump config after load, 7ms
2018-07-11 10:46:36,065 INFO 3184 [egg-watcher:app] watcher start success
2018-07-11 10:46:36,286 INFO 3184 [egg-mysql] instance[0] status OK, rds currentTime: Wed Jul 11 2018 02:46:36 GMT+0800 (CST)
2018-07-11 10:46:36,293 INFO 3184 [egg:core] dump config after ready, 4ms
